<?xml version="1.0" encoding="UTF-8"?>
<testsuite xmlns:xsi="http://www.w3.org/2001/XMLSchema-instance" xsi:noNamespaceSchemaLocation="https://maven.apache.org/surefire/maven-surefire-plugin/xsd/surefire-test-report-3.0.xsd" version="3.0" name="com.Automation.testCases.tests.UpdateBookingTests" time="2.466" tests="2" errors="0" skipped="0" failures="0">
  <properties>
[...]
</properties>
  <testcase name="updateFailWithoutAuthToken[0: com.Automation.model.UpdateBookingRequest@47caedad]" classname="com.Automation.testCases.tests.UpdateBookingTests" time="0.979">
    <system-out><![CDATA[Request method:	POST
Request URI:	https://restful-booker.herokuapp.com/booking
Proxy:			<none>
Request params:	<none>
Query params:	<none>
Form params:	<none>
Path params:	<none>
Headers:		Accept=*/*
				Content-Type=application/json
Cookies:		<none>
Multiparts:		<none>
Body:
{
    "firstname": "Peter",
    "bookingdates": {
        "checkin": "2018-01-01",
        "checkout": "2019-01-01"
    },
    "lastname": "Jenson",
    "totalprice": 150,
    "depositpaid": true,
    "additionalneeds": "Breakfast"
}
Request method:	PATCH
Request URI:	https://restful-booker.herokuapp.com/booking/1811
Proxy:			<none>
Request params:	<none>
Query params:	<none>
Form params:	<none>
Path params:	<none>
Headers:		accept=application/json
				Content-Type=application/json
Cookies:		<none>
Multiparts:		<none>
Body:
{
    "firstname": "Amanda",
    "lastname": "Amanda"
}
]]></system-out>
    <system-err><![CDATA[[main] INFO com.Automation.testCases.tests.UpdateBookingTests - ASSERTING THE API RESPONSE
]]></system-err>
  </testcase>
  <testcase name="updateFirstAndLastName[0: com.Automation.model.UpdateBookingRequest@7139992f]" classname="com.Automation.testCases.tests.UpdateBookingTests" time="1.485">
    <system-out><![CDATA[Request method:	POST
Request URI:	https://restful-booker.herokuapp.com/auth
Proxy:			<none>
Request params:	<none>
Query params:	<none>
Form params:	<none>
Path params:	<none>
Headers:		Accept=*/*
				Content-Type=application/json
Cookies:		<none>
Multiparts:		<none>
Body:
{
    "username": "admin",
    "password": "password123"
}
Request method:	POST
Request URI:	https://restful-booker.herokuapp.com/booking
Proxy:			<none>
Request params:	<none>
Query params:	<none>
Form params:	<none>
Path params:	<none>
Headers:		Accept=*/*
				Content-Type=application/json
Cookies:		<none>
Multiparts:		<none>
Body:
{
    "firstname": "Peter",
    "bookingdates": {
        "checkin": "2018-01-01",
        "checkout": "2019-01-01"
    },
    "lastname": "Jenson",
    "totalprice": 150,
    "depositpaid": true,
    "additionalneeds": "Breakfast"
}
Request method:	PATCH
Request URI:	https://restful-booker.herokuapp.com/booking/1839
Proxy:			<none>
Request params:	<none>
Query params:	<none>
Form params:	<none>
Path params:	<none>
Headers:		cookie=token=fbe3dde08328d27
				accept=application/json
				Content-Type=application/json
Cookies:		<none>
Multiparts:		<none>
Body:
{
    "firstname": "Amanda",
    "lastname": "Amanda"
}
]]></system-out>
    <system-err><![CDATA[[main] INFO com.Automation.testCases.tests.UpdateBookingTests - ASSERTING THE API RESPONSE
]]></system-err>
  </testcase>
</testsuite>