<?xml version="1.0" encoding="UTF-8"?>
<testsuite xmlns:xsi="http://www.w3.org/2001/XMLSchema-instance" xsi:noNamespaceSchemaLocation="https://maven.apache.org/surefire/maven-surefire-plugin/xsd/surefire-test-report-3.0.xsd" version="3.0" name="com.Automation.testCases.tests.GetBookingTests" time="14.688" tests="8" errors="0" skipped="0" failures="0">
  <properties>
[...]
</properties>
  <testcase name="getBookingDetailsWithoutFilter" classname="com.Automation.testCases.tests.GetBookingTests" time="1.807">
    <system-out><![CDATA[Request method:	GET
Request URI:	https://restful-booker.herokuapp.com/booking
Proxy:			<none>
Request params:	<none>
Query params:	<none>
Form params:	<none>
Path params:	<none>
Headers:		accept=application/json
				Content-Type=application/json
Cookies:		<none>
Multiparts:		<none>
Body:			<none>
]]></system-out>
    <system-err><![CDATA[[main] INFO com.Automation.base.BaseClassProvider - LOADING DATA FROM YAML FILE
[main] INFO com.Automation.base.BaseClassProvider - src/test/resources/tests_data/CreateBookingCreationData.yaml
[main] INFO com.Automation.base.BaseClassProvider - LOADING DATA FROM YAML FILE
[main] INFO com.Automation.base.BaseClassProvider - src/test/resources/tests_data/CreateBookingCreationData.yaml
[main] INFO com.Automation.base.BaseClassProvider - LOADING DATA FROM YAML FILE
[main] INFO com.Automation.base.BaseClassProvider - src/test/resources/tests_data/PartialUpdateBookingCreationData.yaml
[main] INFO com.Automation.base.BaseClassProvider - LOADING DATA FROM YAML FILE
[main] INFO com.Automation.base.BaseClassProvider - src/test/resources/tests_data/PartialUpdateBookingCreationData.yaml
[main] INFO com.Automation.base.BaseClassProvider - LOADING DATA FROM YAML FILE
[main] INFO com.Automation.base.BaseClassProvider - src/test/resources/tests_data/CreateBookingCreationData.yaml
[main] INFO com.Automation.base.BaseClassProvider - LOADING DATA FROM YAML FILE
[main] INFO com.Automation.base.BaseClassProvider - src/test/resources/tests_data/CreateBookingCreationData.yaml
[main] INFO com.Automation.base.BaseClassProvider - LOADING DATA FROM YAML FILE
[main] INFO com.Automation.base.BaseClassProvider - src/test/resources/tests_data/CreateBookingCreationData.yaml
[main] INFO com.Automation.base.BaseClassProvider - LOADING DATA FROM YAML FILE
[main] INFO com.Automation.base.BaseClassProvider - src/test/resources/tests_data/CreateBookingCreationData.yaml
[main] INFO com.Automation.base.BaseClassProvider - LOADING DATA FROM YAML FILE
[main] INFO com.Automation.base.BaseClassProvider - src/test/resources/tests_data/CreateBookingCreationData.yaml
[main] INFO com.Automation.base.BaseClassProvider - LOADING DATA FROM YAML FILE
[main] INFO com.Automation.base.BaseClassProvider - src/test/resources/tests_data/CreateBookingCreationData.yaml
[main] INFO com.Automation.base.BaseClassProvider - LOADING DATA FROM YAML FILE
[main] INFO com.Automation.base.BaseClassProvider - src/test/resources/tests_data/CreateBookingCreationData.yaml
[main] INFO com.Automation.base.BaseClassProvider - LOADING DATA FROM YAML FILE
[main] INFO com.Automation.base.BaseClassProvider - src/test/resources/tests_data/PartialUpdateBookingCreationData.yaml
[main] INFO com.Automation.base.BaseClassProvider - LOADING DATA FROM YAML FILE
[main] INFO com.Automation.base.BaseClassProvider - src/test/resources/tests_data/PartialUpdateBookingCreationData.yaml
[main] INFO com.Automation.base.BaseClassProvider - LOADING DATA FROM YAML FILE
[main] INFO com.Automation.base.BaseClassProvider - src/test/resources/tests_data/CreateBookingCreationData.yaml
[main] INFO com.Automation.base.BaseClassProvider - LOADING DATA FROM YAML FILE
[main] INFO com.Automation.base.BaseClassProvider - src/test/resources/tests_data/CreateBookingCreationData.yaml
[main] INFO com.Automation.base.BaseClassProvider - LOADING DATA FROM YAML FILE
[main] INFO com.Automation.base.BaseClassProvider - src/test/resources/tests_data/CreateBookingCreationData.yaml
[main] INFO com.Automation.base.BaseClassProvider - LOADING DATA FROM YAML FILE
[main] INFO com.Automation.base.BaseClassProvider - src/test/resources/tests_data/CreateBookingCreationData.yaml
[main] INFO com.Automation.base.BaseClassProvider - LOADING DATA FROM YAML FILE
[main] INFO com.Automation.base.BaseClassProvider - src/test/resources/tests_data/CreateBookingCreationData.yaml
[main] INFO com.Automation.testCases.tests.GetBookingTests - ASSERTING THE API RESPONSE
]]></system-err>
  </testcase>
  <testcase name="checkingOtherHeaderTypes[0: com.Automation.model.CreateBookingRequest@29d80d2b]" classname="com.Automation.testCases.tests.GetBookingTests" time="3.576">
    <system-out><![CDATA[Request method:	POST
Request URI:	https://restful-booker.herokuapp.com/booking
Proxy:			<none>
Request params:	<none>
Query params:	<none>
Form params:	<none>
Path params:	<none>
Headers:		accept=application/json
				Content-Type=application/json
Cookies:		<none>
Multiparts:		<none>
Body:
{
    "firstname": "Peter",
    "bookingdates": {
        "checkin": "2015-01-01",
        "checkout": "2019-01-01"
    },
    "lastname": "Jenson",
    "totalprice": 150,
    "depositpaid": true,
    "additionalneeds": "Breakfast"
}
Request method:	GET
Request URI:	https://restful-booker.herokuapp.com/booking/6720
Proxy:			<none>
Request params:	<none>
Query params:	<none>
Form params:	<none>
Path params:	<none>
Headers:		accept=application/javascript
				Content-Type=application/json
Cookies:		<none>
Multiparts:		<none>
Body:			<none>
]]></system-out>
    <system-err><![CDATA[[main] INFO com.Automation.testCases.tests.GetBookingTests - ASSERTING THE API RESPONSE
]]></system-err>
  </testcase>
  <testcase name="checkingOtherHeaderTypes[1: com.Automation.model.CreateBookingRequest@58e1d9d]" classname="com.Automation.testCases.tests.GetBookingTests" time="1.405">
    <system-out><![CDATA[Request method:	POST
Request URI:	https://restful-booker.herokuapp.com/booking
Proxy:			<none>
Request params:	<none>
Query params:	<none>
Form params:	<none>
Path params:	<none>
Headers:		accept=application/json
				Content-Type=application/json
Cookies:		<none>
Multiparts:		<none>
Body:
{
    "firstname": "Peter",
    "bookingdates": {
        "checkin": "2018-01-01",
        "checkout": "2021-01-01"
    },
    "lastname": "Jenson",
    "totalprice": 1000,
    "depositpaid": true,
    "additionalneeds": "Breakfast"
}
Request method:	GET
Request URI:	https://restful-booker.herokuapp.com/booking/6753
Proxy:			<none>
Request params:	<none>
Query params:	<none>
Form params:	<none>
Path params:	<none>
Headers:		accept=application/javascript
				Content-Type=application/json
Cookies:		<none>
Multiparts:		<none>
Body:			<none>
]]></system-out>
    <system-err><![CDATA[[main] INFO com.Automation.testCases.tests.GetBookingTests - ASSERTING THE API RESPONSE
]]></system-err>
  </testcase>
  <testcase name="checkingOtherHeaderTypes[2: com.Automation.model.CreateBookingRequest@446a1e84]" classname="com.Automation.testCases.tests.GetBookingTests" time="1.479">
    <system-out><![CDATA[Request method:	POST
Request URI:	https://restful-booker.herokuapp.com/booking
Proxy:			<none>
Request params:	<none>
Query params:	<none>
Form params:	<none>
Path params:	<none>
Headers:		accept=application/json
				Content-Type=application/json
Cookies:		<none>
Multiparts:		<none>
Body:
{
    "firstname": "Peter",
    "bookingdates": {
        "checkin": "2018-01-01",
        "checkout": "2023-01-01"
    },
    "lastname": "Jenson",
    "totalprice": 1,
    "depositpaid": false,
    "additionalneeds": "Breakfast"
}
Request method:	GET
Request URI:	https://restful-booker.herokuapp.com/booking/6766
Proxy:			<none>
Request params:	<none>
Query params:	<none>
Form params:	<none>
Path params:	<none>
Headers:		accept=application/javascript
				Content-Type=application/json
Cookies:		<none>
Multiparts:		<none>
Body:			<none>
]]></system-out>
    <system-err><![CDATA[[main] INFO com.Automation.testCases.tests.GetBookingTests - ASSERTING THE API RESPONSE
]]></system-err>
  </testcase>
  <testcase name="getBookingDetailsWithFirstNameAndLastName" classname="com.Automation.testCases.tests.GetBookingTests" time="0.91">
    <system-out><![CDATA[Request method:	GET
Request URI:	https://restful-booker.herokuapp.com/booking?firstname=Josh&lastname=Allen
Proxy:			<none>
Request params:	<none>
Query params:	firstname=Josh
				lastname=Allen
Form params:	<none>
Path params:	<none>
Headers:		accept=application/json
				Content-Type=application/json
Cookies:		<none>
Multiparts:		<none>
Body:			<none>
]]></system-out>
    <system-err><![CDATA[[main] INFO com.Automation.testCases.tests.GetBookingTests - ASSERTING THE API RESPONSE
]]></system-err>
  </testcase>
  <testcase name="getBookingDetailsWithParameter[0: com.Automation.model.CreateBookingRequest@4f0f2942]" classname="com.Automation.testCases.tests.GetBookingTests" time="1.476">
    <system-out><![CDATA[Request method:	POST
Request URI:	https://restful-booker.herokuapp.com/booking
Proxy:			<none>
Request params:	<none>
Query params:	<none>
Form params:	<none>
Path params:	<none>
Headers:		accept=application/json
				Content-Type=application/json
Cookies:		<none>
Multiparts:		<none>
Body:
{
    "firstname": "Peter",
    "bookingdates": {
        "checkin": "2015-01-01",
        "checkout": "2019-01-01"
    },
    "lastname": "Jenson",
    "totalprice": 150,
    "depositpaid": true,
    "additionalneeds": "Breakfast"
}
Request method:	GET
Request URI:	https://restful-booker.herokuapp.com/booking/6783
Proxy:			<none>
Request params:	<none>
Query params:	<none>
Form params:	<none>
Path params:	<none>
Headers:		accept=application/json
				Content-Type=application/json
Cookies:		<none>
Multiparts:		<none>
Body:			<none>
]]></system-out>
    <system-err><![CDATA[[main] INFO com.Automation.testCases.tests.GetBookingTests - ASSERTING THE API RESPONSE
]]></system-err>
  </testcase>
  <testcase name="getBookingDetailsWithParameter[1: com.Automation.model.CreateBookingRequest@2657d4dd]" classname="com.Automation.testCases.tests.GetBookingTests" time="1.61">
    <system-out><![CDATA[Request method:	POST
Request URI:	https://restful-booker.herokuapp.com/booking
Proxy:			<none>
Request params:	<none>
Query params:	<none>
Form params:	<none>
Path params:	<none>
Headers:		accept=application/json
				Content-Type=application/json
Cookies:		<none>
Multiparts:		<none>
Body:
{
    "firstname": "Peter",
    "bookingdates": {
        "checkin": "2018-01-01",
        "checkout": "2021-01-01"
    },
    "lastname": "Jenson",
    "totalprice": 1000,
    "depositpaid": true,
    "additionalneeds": "Breakfast"
}
Request method:	GET
Request URI:	https://restful-booker.herokuapp.com/booking/6799
Proxy:			<none>
Request params:	<none>
Query params:	<none>
Form params:	<none>
Path params:	<none>
Headers:		accept=application/json
				Content-Type=application/json
Cookies:		<none>
Multiparts:		<none>
Body:			<none>
]]></system-out>
    <system-err><![CDATA[[main] INFO com.Automation.testCases.tests.GetBookingTests - ASSERTING THE API RESPONSE
]]></system-err>
  </testcase>
  <testcase name="getBookingDetailsWithParameter[2: com.Automation.model.CreateBookingRequest@5340477f]" classname="com.Automation.testCases.tests.GetBookingTests" time="2.414">
    <system-out><![CDATA[Request method:	POST
Request URI:	https://restful-booker.herokuapp.com/booking
Proxy:			<none>
Request params:	<none>
Query params:	<none>
Form params:	<none>
Path params:	<none>
Headers:		accept=application/json
				Content-Type=application/json
Cookies:		<none>
Multiparts:		<none>
Body:
{
    "firstname": "Peter",
    "bookingdates": {
        "checkin": "2018-01-01",
        "checkout": "2023-01-01"
    },
    "lastname": "Jenson",
    "totalprice": 1,
    "depositpaid": false,
    "additionalneeds": "Breakfast"
}
Request method:	GET
Request URI:	https://restful-booker.herokuapp.com/booking/6817
Proxy:			<none>
Request params:	<none>
Query params:	<none>
Form params:	<none>
Path params:	<none>
Headers:		accept=application/json
				Content-Type=application/json
Cookies:		<none>
Multiparts:		<none>
Body:			<none>
]]></system-out>
    <system-err><![CDATA[[main] INFO com.Automation.testCases.tests.GetBookingTests - ASSERTING THE API RESPONSE
]]></system-err>
  </testcase>
</testsuite>